<?xml version="1.0" encoding="UTF-8"?>
<!-- Generated by org.testng.reporters.JUnitReportReporter -->
<testsuite hostname="LAPTOP-PICKRAJT" failures="0" tests="1" name="com.DemoProject.TestScripts.RegisterTest" time="1.488" errors="0" timestamp="2023-10-06T10:28:41 IST" skipped="0">
  <testcase classname="com.DemoProject.TestScripts.RegisterTest" name="RegisterintoApplication" time="1.488"/>
</testsuite> <!-- com.DemoProject.TestScripts.RegisterTest -->
